# JRE version: OpenJDK Runtime Environment Temurin-21.0.3+9 (21.0.3+9) (build 21.0.3+9-LTS)
# Java VM: OpenJDK 64-Bit Server VM Temurin-21.0.3+9 (21.0.3+9-LTS, mixed mode, emulated-client, tiered, compressed oops, compressed class ptrs, g1 gc, windows-amd64)
GC Precious Log:
 CardTable entry size: 512
 Card Set container configuration: InlinePtr #cards 5 size 8 Array Of Cards #cards 12 size 40 Howl #buckets 4 coarsen threshold 1843 Howl Bitmap #cards 512 size 80 coarsen threshold 460 Card regions per heap region 1 cards per card region 2048
 CPUs: 4 total, 4 available
 Memory: 4007M
 Large Page Support: Disabled
 NUMA Support: Disabled
 Compressed Oops: Enabled (32-bit)
 Heap Region Size: 1M
 Heap Min Capacity: 8M
 Heap Initial Capacity: 64M
 Heap Max Capacity: 1002M
 Pre-touch: Disabled
 Parallel Workers: 4
 Concurrent Workers: 1
 Concurrent Refinement Workers: 4
 Periodic GC: Disabled
Heap:
 garbage-first heap   total 86016K, used 46982K [0x00000000c1600000, 0x0000000100000000)
  region size 1024K, 2 young (2048K), 2 survivors (2048K)
 Metaspace       used 72627K, committed 73344K, reserved 1114112K
  class space    used 9728K, committed 10048K, reserved 1048576K
GC Heap History (20 events):
Event: 9.562 GC heap after
{Heap after GC invocations=16 (full 0):
 garbage-first heap   total 46080K, used 23486K [0x00000000c1600000, 0x0000000100000000)
  region size 1024K, 3 young (3072K), 3 survivors (3072K)
 Metaspace       used 56267K, committed 56832K, reserved 1114112K
  class space    used 7181K, committed 7424K, reserved 1048576K
}
Event: 10.203 GC heap before
{Heap before GC invocations=16 (full 0):
 garbage-first heap   total 46080K, used 30654K [0x00000000c1600000, 0x0000000100000000)
  region size 1024K, 12 young (12288K), 3 survivors (3072K)
 Metaspace       used 59718K, committed 60288K, reserved 1114112K
  class space    used 7734K, committed 8000K, reserved 1048576K
}
Event: 10.213 GC heap after
{Heap after GC invocations=17 (full 0):
 garbage-first heap   total 46080K, used 23770K [0x00000000c1600000, 0x0000000100000000)
  region size 1024K, 2 young (2048K), 2 survivors (2048K)
 Metaspace       used 59718K, committed 60288K, reserved 1114112K
  class space    used 7734K, committed 8000K, reserved 1048576K
}
Event: 11.499 GC heap before
{Heap before GC invocations=18 (full 0):
 garbage-first heap   total 46080K, used 39130K [0x00000000c1600000, 0x0000000100000000)
  region size 1024K, 18 young (18432K), 2 survivors (2048K)
 Metaspace       used 63327K, committed 63936K, reserved 1114112K
  class space    used 8415K, committed 8704K, reserved 1048576K
}
Event: 11.503 GC heap after
{Heap after GC invocations=19 (full 0):
 garbage-first heap   total 46080K, used 24447K [0x00000000c1600000, 0x0000000100000000)
  region size 1024K, 3 young (3072K), 3 survivors (3072K)
 Metaspace       used 63327K, committed 63936K, reserved 1114112K
  class space    used 8415K, committed 8704K, reserved 1048576K
}
Event: 12.057 GC heap before
{Heap before GC invocations=19 (full 0):
 garbage-first heap   total 46080K, used 37759K [0x00000000c1600000, 0x0000000100000000)
  region size 1024K, 17 young (17408K), 3 survivors (3072K)
 Metaspace       used 66153K, committed 66816K, reserved 1114112K
  class space    used 8822K, committed 9088K, reserved 1048576K
}
Event: 12.065 GC heap after
{Heap after GC invocations=20 (full 0):
 garbage-first heap   total 46080K, used 25754K [0x00000000c1600000, 0x0000000100000000)
  region size 1024K, 3 young (3072K), 3 survivors (3072K)
 Metaspace       used 66153K, committed 66816K, reserved 1114112K
  class space    used 8822K, committed 9088K, reserved 1048576K
}
Event: 12.497 GC heap before
{Heap before GC invocations=20 (full 0):
 garbage-first heap   total 46080K, used 39066K [0x00000000c1600000, 0x0000000100000000)
  region size 1024K, 16 young (16384K), 3 survivors (3072K)
 Metaspace       used 69184K, committed 69952K, reserved 1114112K
  class space    used 9251K, committed 9600K, reserved 1048576K
}
Event: 12.504 GC heap after
{Heap after GC invocations=21 (full 0):
 garbage-first heap   total 46080K, used 26959K [0x00000000c1600000, 0x0000000100000000)
  region size 1024K, 2 young (2048K), 2 survivors (2048K)
 Metaspace       used 69184K, committed 69952K, reserved 1114112K
  class space    used 9251K, committed 9600K, reserved 1048576K
}
Event: 12.849 GC heap before
{Heap before GC invocations=22 (full 0):
 garbage-first heap   total 51200K, used 40271K [0x00000000c1600000, 0x0000000100000000)
  region size 1024K, 15 young (15360K), 2 survivors (2048K)
 Metaspace       used 70352K, committed 71104K, reserved 1114112K
  class space    used 9438K, committed 9792K, reserved 1048576K
}
Event: 12.859 GC heap after
{Heap after GC invocations=23 (full 0):
 garbage-first heap   total 51200K, used 28166K [0x00000000c1600000, 0x0000000100000000)
  region size 1024K, 2 young (2048K), 2 survivors (2048K)
 Metaspace       used 70352K, committed 71104K, reserved 1114112K
  class space    used 9438K, committed 9792K, reserved 1048576K
}
Event: 13.389 GC heap before
{Heap before GC invocations=23 (full 0):
 garbage-first heap   total 51200K, used 44550K [0x00000000c1600000, 0x0000000100000000)
  region size 1024K, 18 young (18432K), 2 survivors (2048K)
 Metaspace       used 72384K, committed 73152K, reserved 1114112K
  class space    used 9700K, committed 10048K, reserved 1048576K
}
Event: 13.398 GC heap after
{Heap after GC invocations=24 (full 0):
 garbage-first heap   total 61440K, used 29843K [0x00000000c1600000, 0x0000000100000000)
  region size 1024K, 3 young (3072K), 3 survivors (3072K)
 Metaspace       used 72384K, committed 73152K, reserved 1114112K
  class space    used 9700K, committed 10048K, reserved 1048576K
}
Event: 13.558 GC heap before
{Heap before GC invocations=24 (full 0):
 garbage-first heap   total 61440K, used 54419K [0x00000000c1600000, 0x0000000100000000)
  region size 1024K, 27 young (27648K), 3 survivors (3072K)
 Metaspace       used 72528K, committed 73280K, reserved 1114112K
  class space    used 9713K, committed 10048K, reserved 1048576K
}
Event: 13.574 GC heap after
{Heap after GC invocations=25 (full 0):
 garbage-first heap   total 64512K, used 34930K [0x00000000c1600000, 0x0000000100000000)
  region size 1024K, 4 young (4096K), 4 survivors (4096K)
 Metaspace       used 72528K, committed 73280K, reserved 1114112K
  class space    used 9713K, committed 10048K, reserved 1048576K
}
Event: 13.746 GC heap before
{Heap before GC invocations=25 (full 0):
 garbage-first heap   total 64512K, used 48242K [0x00000000c1600000, 0x0000000100000000)
  region size 1024K, 18 young (18432K), 4 survivors (4096K)
 Metaspace       used 72627K, committed 73344K, reserved 1114112K
  class space    used 9728K, committed 10048K, reserved 1048576K
}
Event: 13.760 GC heap after
{Heap after GC invocations=26 (full 0):
 garbage-first heap   total 64512K, used 39912K [0x00000000c1600000, 0x0000000100000000)
  region size 1024K, 3 young (3072K), 3 survivors (3072K)
 Metaspace       used 72627K, committed 73344K, reserved 1114112K
  class space    used 9728K, committed 10048K, reserved 1048576K
}
Event: 13.858 GC heap before
{Heap before GC invocations=26 (full 0):
 garbage-first heap   total 64512K, used 55272K [0x00000000c1600000, 0x0000000100000000)
  region size 1024K, 18 young (18432K), 3 survivors (3072K)
 Metaspace       used 72627K, committed 73344K, reserved 1114112K
  class space    used 9728K, committed 10048K, reserved 1048576K
}
Event: 13.866 GC heap after
{Heap after GC invocations=27 (full 0):
 garbage-first heap   total 64512K, used 43716K [0x00000000c1600000, 0x0000000100000000)
  region size 1024K, 3 young (3072K), 3 survivors (3072K)
 Metaspace       used 72627K, committed 73344K, reserved 1114112K
  class space    used 9728K, committed 10048K, reserved 1048576K
}
Event: 13.960 GC heap before
{Heap before GC invocations=27 (full 0):
 garbage-first heap   total 86016K, used 54980K [0x00000000c1600000, 0x0000000100000000)
  region size 1024K, 15 young (15360K), 3 survivors (3072K)
 Metaspace       used 72627K, committed 73344K, reserved 1114112K
  class space    used 9728K, committed 10048K, reserved 1048576K
}

