# JRE version: OpenJDK Runtime Environment Temurin-21.0.3+9 (21.0.3+9) (build 21.0.3+9-LTS)
# Java VM: OpenJDK 64-Bit Server VM Temurin-21.0.3+9 (21.0.3+9-LTS, mixed mode, emulated-client, tiered, compressed oops, compressed class ptrs, g1 gc, windows-amd64)
GC Precious Log:
 CardTable entry size: 512
 Card Set container configuration: InlinePtr #cards 5 size 8 Array Of Cards #cards 12 size 40 Howl #buckets 4 coarsen threshold 1843 Howl Bitmap #cards 512 size 80 coarsen threshold 460 Card regions per heap region 1 cards per card region 2048
 CPUs: 4 total, 4 available
 Memory: 4007M
 Large Page Support: Disabled
 NUMA Support: Disabled
 Compressed Oops: Enabled (32-bit)
 Heap Region Size: 1M
 Heap Min Capacity: 8M
 Heap Initial Capacity: 64M
 Heap Max Capacity: 1002M
 Pre-touch: Disabled
 Parallel Workers: 4
 Concurrent Workers: 1
 Concurrent Refinement Workers: 4
 Periodic GC: Disabled
Heap:
 garbage-first heap   total 46080K, used 29592K [0x00000000c1600000, 0x0000000100000000)
  region size 1024K, 11 young (11264K), 3 survivors (3072K)
 Metaspace       used 58333K, committed 58880K, reserved 1114112K
  class space    used 7566K, committed 7808K, reserved 1048576K
GC Heap History (20 events):
Event: 3.315 GC heap before
{Heap before GC invocations=4 (full 0):
 garbage-first heap   total 37888K, used 26766K [0x00000000c1600000, 0x0000000100000000)
  region size 1024K, 22 young (22528K), 4 survivors (4096K)
 Metaspace       used 25906K, committed 26240K, reserved 1114112K
  class space    used 2931K, committed 3072K, reserved 1048576K
}
Event: 3.324 GC heap after
{Heap after GC invocations=5 (full 0):
 garbage-first heap   total 37888K, used 10635K [0x00000000c1600000, 0x0000000100000000)
  region size 1024K, 3 young (3072K), 3 survivors (3072K)
 Metaspace       used 25906K, committed 26240K, reserved 1114112K
  class space    used 2931K, committed 3072K, reserved 1048576K
}
Event: 3.722 GC heap before
{Heap before GC invocations=5 (full 0):
 garbage-first heap   total 37888K, used 28043K [0x00000000c1600000, 0x0000000100000000)
  region size 1024K, 20 young (20480K), 3 survivors (3072K)
 Metaspace       used 29723K, committed 30080K, reserved 1114112K
  class space    used 3446K, committed 3584K, reserved 1048576K
}
Event: 3.728 GC heap after
{Heap after GC invocations=6 (full 0):
 garbage-first heap   total 37888K, used 12260K [0x00000000c1600000, 0x0000000100000000)
  region size 1024K, 3 young (3072K), 3 survivors (3072K)
 Metaspace       used 29723K, committed 30080K, reserved 1114112K
  class space    used 3446K, committed 3584K, reserved 1048576K
}
Event: 4.402 GC heap before
{Heap before GC invocations=6 (full 0):
 garbage-first heap   total 37888K, used 28644K [0x00000000c1600000, 0x0000000100000000)
  region size 1024K, 20 young (20480K), 3 survivors (3072K)
 Metaspace       used 31294K, committed 31616K, reserved 1114112K
  class space    used 3651K, committed 3776K, reserved 1048576K
}
Event: 4.409 GC heap after
{Heap after GC invocations=7 (full 0):
 garbage-first heap   total 37888K, used 14125K [0x00000000c1600000, 0x0000000100000000)
  region size 1024K, 2 young (2048K), 2 survivors (2048K)
 Metaspace       used 31294K, committed 31616K, reserved 1114112K
  class space    used 3651K, committed 3776K, reserved 1048576K
}
Event: 4.864 GC heap before
{Heap before GC invocations=7 (full 0):
 garbage-first heap   total 37888K, used 30509K [0x00000000c1600000, 0x0000000100000000)
  region size 1024K, 18 young (18432K), 2 survivors (2048K)
 Metaspace       used 32700K, committed 33088K, reserved 1114112K
  class space    used 3856K, committed 4032K, reserved 1048576K
}
Event: 4.869 GC heap after
{Heap after GC invocations=8 (full 0):
 garbage-first heap   total 46080K, used 15477K [0x00000000c1600000, 0x0000000100000000)
  region size 1024K, 2 young (2048K), 2 survivors (2048K)
 Metaspace       used 32700K, committed 33088K, reserved 1114112K
  class space    used 3856K, committed 4032K, reserved 1048576K
}
Event: 5.532 GC heap before
{Heap before GC invocations=8 (full 0):
 garbage-first heap   total 46080K, used 34933K [0x00000000c1600000, 0x0000000100000000)
  region size 1024K, 22 young (22528K), 2 survivors (2048K)
 Metaspace       used 35474K, committed 35968K, reserved 1114112K
  class space    used 4272K, committed 4480K, reserved 1048576K
}
Event: 5.537 GC heap after
{Heap after GC invocations=9 (full 0):
 garbage-first heap   total 46080K, used 16933K [0x00000000c1600000, 0x0000000100000000)
  region size 1024K, 3 young (3072K), 3 survivors (3072K)
 Metaspace       used 35474K, committed 35968K, reserved 1114112K
  class space    used 4272K, committed 4480K, reserved 1048576K
}
Event: 6.178 GC heap before
{Heap before GC invocations=10 (full 0):
 garbage-first heap   total 46080K, used 38437K [0x00000000c1600000, 0x0000000100000000)
  region size 1024K, 24 young (24576K), 3 survivors (3072K)
 Metaspace       used 38869K, committed 39360K, reserved 1114112K
  class space    used 4788K, committed 4992K, reserved 1048576K
}
Event: 6.186 GC heap after
{Heap after GC invocations=11 (full 0):
 garbage-first heap   total 46080K, used 19017K [0x00000000c1600000, 0x0000000100000000)
  region size 1024K, 3 young (3072K), 3 survivors (3072K)
 Metaspace       used 38869K, committed 39360K, reserved 1114112K
  class space    used 4788K, committed 4992K, reserved 1048576K
}
Event: 6.709 GC heap before
{Heap before GC invocations=11 (full 0):
 garbage-first heap   total 46080K, used 38473K [0x00000000c1600000, 0x0000000100000000)
  region size 1024K, 22 young (22528K), 3 survivors (3072K)
 Metaspace       used 41287K, committed 41920K, reserved 1114112K
  class space    used 5114K, committed 5376K, reserved 1048576K
}
Event: 6.718 GC heap after
{Heap after GC invocations=12 (full 0):
 garbage-first heap   total 46080K, used 20392K [0x00000000c1600000, 0x0000000100000000)
  region size 1024K, 2 young (2048K), 2 survivors (2048K)
 Metaspace       used 41287K, committed 41920K, reserved 1114112K
  class space    used 5114K, committed 5376K, reserved 1048576K
}
Event: 7.377 GC heap before
{Heap before GC invocations=12 (full 0):
 garbage-first heap   total 46080K, used 38824K [0x00000000c1600000, 0x0000000100000000)
  region size 1024K, 20 young (20480K), 2 survivors (2048K)
 Metaspace       used 46597K, committed 47232K, reserved 1114112K
  class space    used 5930K, committed 6208K, reserved 1048576K
}
Event: 7.381 GC heap after
{Heap after GC invocations=13 (full 0):
 garbage-first heap   total 46080K, used 21303K [0x00000000c1600000, 0x0000000100000000)
  region size 1024K, 3 young (3072K), 3 survivors (3072K)
 Metaspace       used 46597K, committed 47232K, reserved 1114112K
  class space    used 5930K, committed 6208K, reserved 1048576K
}
Event: 8.540 GC heap before
{Heap before GC invocations=13 (full 0):
 garbage-first heap   total 46080K, used 37687K [0x00000000c1600000, 0x0000000100000000)
  region size 1024K, 20 young (20480K), 3 survivors (3072K)
 Metaspace       used 51720K, committed 52352K, reserved 1114112K
  class space    used 6608K, committed 6912K, reserved 1048576K
}
Event: 8.546 GC heap after
{Heap after GC invocations=14 (full 0):
 garbage-first heap   total 46080K, used 22526K [0x00000000c1600000, 0x0000000100000000)
  region size 1024K, 3 young (3072K), 3 survivors (3072K)
 Metaspace       used 51720K, committed 52352K, reserved 1114112K
  class space    used 6608K, committed 6912K, reserved 1048576K
}
Event: 9.153 GC heap before
{Heap before GC invocations=14 (full 0):
 garbage-first heap   total 46080K, used 37886K [0x00000000c1600000, 0x0000000100000000)
  region size 1024K, 19 young (19456K), 3 survivors (3072K)
 Metaspace       used 55716K, committed 56320K, reserved 1114112K
  class space    used 7139K, committed 7424K, reserved 1048576K
}
Event: 9.161 GC heap after
{Heap after GC invocations=15 (full 0):
 garbage-first heap   total 46080K, used 23448K [0x00000000c1600000, 0x0000000100000000)
  region size 1024K, 3 young (3072K), 3 survivors (3072K)
 Metaspace       used 55716K, committed 56320K, reserved 1114112K
  class space    used 7139K, committed 7424K, reserved 1048576K
}

