# JRE version: OpenJDK Runtime Environment Temurin-21.0.3+9 (21.0.3+9) (build 21.0.3+9-LTS)
# Java VM: OpenJDK 64-Bit Server VM Temurin-21.0.3+9 (21.0.3+9-LTS, mixed mode, emulated-client, tiered, compressed oops, compressed class ptrs, g1 gc, windows-amd64)
GC Precious Log:
 CardTable entry size: 512
 Card Set container configuration: InlinePtr #cards 5 size 8 Array Of Cards #cards 12 size 40 Howl #buckets 4 coarsen threshold 1843 Howl Bitmap #cards 512 size 80 coarsen threshold 460 Card regions per heap region 1 cards per card region 2048
 CPUs: 4 total, 4 available
 Memory: 4007M
 Large Page Support: Disabled
 NUMA Support: Disabled
 Compressed Oops: Enabled (32-bit)
 Heap Region Size: 1M
 Heap Min Capacity: 8M
 Heap Initial Capacity: 64M
 Heap Max Capacity: 1002M
 Pre-touch: Disabled
 Parallel Workers: 4
 Concurrent Workers: 1
 Concurrent Refinement Workers: 4
 Periodic GC: Disabled
Heap:
 garbage-first heap   total 107520K, used 46508K [0x00000000c1600000, 0x0000000100000000)
  region size 1024K, 4 young (4096K), 4 survivors (4096K)
 Metaspace       used 79433K, committed 80384K, reserved 1179648K
  class space    used 10650K, committed 11072K, reserved 1048576K
GC Heap History (20 events):
Event: 13.706 GC heap after
{Heap after GC invocations=26 (full 0):
 garbage-first heap   total 75776K, used 40959K [0x00000000c1600000, 0x0000000100000000)
  region size 1024K, 2 young (2048K), 2 survivors (2048K)
 Metaspace       used 72640K, committed 73408K, reserved 1114112K
  class space    used 9730K, committed 10048K, reserved 1048576K
}
Event: 13.837 GC heap before
{Heap before GC invocations=26 (full 0):
 garbage-first heap   total 75776K, used 62463K [0x00000000c1600000, 0x0000000100000000)
  region size 1024K, 24 young (24576K), 2 survivors (2048K)
 Metaspace       used 72640K, committed 73408K, reserved 1114112K
  class space    used 9730K, committed 10048K, reserved 1048576K
}
Event: 13.846 GC heap after
{Heap after GC invocations=27 (full 0):
 garbage-first heap   total 75776K, used 45720K [0x00000000c1600000, 0x0000000100000000)
  region size 1024K, 3 young (3072K), 3 survivors (3072K)
 Metaspace       used 72640K, committed 73408K, reserved 1114112K
  class space    used 9730K, committed 10048K, reserved 1048576K
}
Event: 13.977 GC heap before
{Heap before GC invocations=27 (full 0):
 garbage-first heap   total 75776K, used 63128K [0x00000000c1600000, 0x0000000100000000)
  region size 1024K, 21 young (21504K), 3 survivors (3072K)
 Metaspace       used 72658K, committed 73408K, reserved 1114112K
  class space    used 9735K, committed 10048K, reserved 1048576K
}
Event: 13.989 GC heap after
{Heap after GC invocations=28 (full 0):
 garbage-first heap   total 151552K, used 51867K [0x00000000c1600000, 0x0000000100000000)
  region size 1024K, 3 young (3072K), 3 survivors (3072K)
 Metaspace       used 72658K, committed 73408K, reserved 1114112K
  class space    used 9735K, committed 10048K, reserved 1048576K
}
Event: 14.449 GC heap before
{Heap before GC invocations=29 (full 0):
 garbage-first heap   total 151552K, used 108187K [0x00000000c1600000, 0x0000000100000000)
  region size 1024K, 59 young (60416K), 3 survivors (3072K)
 Metaspace       used 72658K, committed 73408K, reserved 1114112K
  class space    used 9735K, committed 10048K, reserved 1048576K
}
Event: 14.474 GC heap after
{Heap after GC invocations=30 (full 0):
 garbage-first heap   total 151552K, used 64511K [0x00000000c1600000, 0x0000000100000000)
  region size 1024K, 8 young (8192K), 8 survivors (8192K)
 Metaspace       used 72658K, committed 73408K, reserved 1114112K
  class space    used 9735K, committed 10048K, reserved 1048576K
}
Event: 155.949 GC heap before
{Heap before GC invocations=30 (full 0):
 garbage-first heap   total 151552K, used 108543K [0x00000000c1600000, 0x0000000100000000)
  region size 1024K, 52 young (53248K), 8 survivors (8192K)
 Metaspace       used 79303K, committed 80192K, reserved 1179648K
  class space    used 10667K, committed 11072K, reserved 1048576K
}
Event: 156.134 GC heap after
{Heap after GC invocations=31 (full 0):
 garbage-first heap   total 151552K, used 68943K [0x00000000c1600000, 0x0000000100000000)
  region size 1024K, 7 young (7168K), 7 survivors (7168K)
 Metaspace       used 79303K, committed 80192K, reserved 1179648K
  class space    used 10667K, committed 11072K, reserved 1048576K
}
Event: 184.367 GC heap before
{Heap before GC invocations=31 (full 0):
 garbage-first heap   total 151552K, used 70991K [0x00000000c1600000, 0x0000000100000000)
  region size 1024K, 10 young (10240K), 7 survivors (7168K)
 Metaspace       used 79397K, committed 80256K, reserved 1179648K
  class space    used 10688K, committed 11072K, reserved 1048576K
}
Event: 189.202 GC heap after
{Heap after GC invocations=32 (full 1):
 garbage-first heap   total 81920K, used 21943K [0x00000000c1600000, 0x0000000100000000)
  region size 1024K, 0 young (0K), 0 survivors (0K)
 Metaspace       used 78931K, committed 80256K, reserved 1179648K
  class space    used 10567K, committed 11072K, reserved 1048576K
}
Event: 191.064 GC heap before
{Heap before GC invocations=32 (full 1):
 garbage-first heap   total 81920K, used 54711K [0x00000000c1600000, 0x0000000100000000)
  region size 1024K, 33 young (33792K), 0 survivors (0K)
 Metaspace       used 79042K, committed 80256K, reserved 1179648K
  class space    used 10591K, committed 11072K, reserved 1048576K
}
Event: 191.100 GC heap after
{Heap after GC invocations=33 (full 1):
 garbage-first heap   total 81920K, used 26039K [0x00000000c1600000, 0x0000000100000000)
  region size 1024K, 4 young (4096K), 4 survivors (4096K)
 Metaspace       used 79042K, committed 80256K, reserved 1179648K
  class space    used 10591K, committed 11072K, reserved 1048576K
}
Event: 193.412 GC heap before
{Heap before GC invocations=34 (full 1):
 garbage-first heap   total 81920K, used 58807K [0x00000000c1600000, 0x0000000100000000)
  region size 1024K, 37 young (37888K), 4 survivors (4096K)
 Metaspace       used 79391K, committed 80384K, reserved 1179648K
  class space    used 10639K, committed 11072K, reserved 1048576K
}
Event: 193.437 GC heap after
{Heap after GC invocations=35 (full 1):
 garbage-first heap   total 81920K, used 29739K [0x00000000c1600000, 0x0000000100000000)
  region size 1024K, 4 young (4096K), 4 survivors (4096K)
 Metaspace       used 79391K, committed 80384K, reserved 1179648K
  class space    used 10639K, committed 11072K, reserved 1048576K
}
Event: 193.900 GC heap before
{Heap before GC invocations=35 (full 1):
 garbage-first heap   total 81920K, used 62507K [0x00000000c1600000, 0x0000000100000000)
  region size 1024K, 36 young (36864K), 4 survivors (4096K)
 Metaspace       used 79433K, committed 80384K, reserved 1179648K
  class space    used 10650K, committed 11072K, reserved 1048576K
}
Event: 193.923 GC heap after
{Heap after GC invocations=36 (full 1):
 garbage-first heap   total 81920K, used 35852K [0x00000000c1600000, 0x0000000100000000)
  region size 1024K, 5 young (5120K), 5 survivors (5120K)
 Metaspace       used 79433K, committed 80384K, reserved 1179648K
  class space    used 10650K, committed 11072K, reserved 1048576K
}
Event: 194.095 GC heap before
{Heap before GC invocations=36 (full 1):
 garbage-first heap   total 81920K, used 50188K [0x00000000c1600000, 0x0000000100000000)
  region size 1024K, 20 young (20480K), 5 survivors (5120K)
 Metaspace       used 79433K, committed 80384K, reserved 1179648K
  class space    used 10650K, committed 11072K, reserved 1048576K
}
Event: 194.116 GC heap after
{Heap after GC invocations=37 (full 1):
 garbage-first heap   total 81920K, used 40992K [0x00000000c1600000, 0x0000000100000000)
  region size 1024K, 5 young (5120K), 5 survivors (5120K)
 Metaspace       used 79433K, committed 80384K, reserved 1179648K
  class space    used 10650K, committed 11072K, reserved 1048576K
}
Event: 194.309 GC heap before
{Heap before GC invocations=37 (full 1):
 garbage-first heap   total 107520K, used 65568K [0x00000000c1600000, 0x0000000100000000)
  region size 1024K, 29 young (29696K), 5 survivors (5120K)
 Metaspace       used 79433K, committed 80384K, reserved 1179648K
  class space    used 10650K, committed 11072K, reserved 1048576K
}

