# JRE version: OpenJDK Runtime Environment Temurin-21.0.3+9 (21.0.3+9) (build 21.0.3+9-LTS)
# Java VM: OpenJDK 64-Bit Server VM Temurin-21.0.3+9 (21.0.3+9-LTS, mixed mode, emulated-client, tiered, compressed oops, compressed class ptrs, g1 gc, windows-amd64)
GC Precious Log:
 CardTable entry size: 512
 Card Set container configuration: InlinePtr #cards 5 size 8 Array Of Cards #cards 12 size 40 Howl #buckets 4 coarsen threshold 1843 Howl Bitmap #cards 512 size 80 coarsen threshold 460 Card regions per heap region 1 cards per card region 2048
 CPUs: 4 total, 4 available
 Memory: 4007M
 Large Page Support: Disabled
 NUMA Support: Disabled
 Compressed Oops: Enabled (32-bit)
 Heap Region Size: 1M
 Heap Min Capacity: 8M
 Heap Initial Capacity: 64M
 Heap Max Capacity: 1002M
 Pre-touch: Disabled
 Parallel Workers: 4
 Concurrent Workers: 1
 Concurrent Refinement Workers: 4
 Periodic GC: Disabled
Heap:
 garbage-first heap   total 79872K, used 44835K [0x00000000c1600000, 0x0000000100000000)
  region size 1024K, 2 young (2048K), 2 survivors (2048K)
 Metaspace       used 72749K, committed 73600K, reserved 1114112K
  class space    used 9729K, committed 10112K, reserved 1048576K
GC Heap History (20 events):
Event: 7.212 GC heap after
{Heap after GC invocations=12 (full 0):
 garbage-first heap   total 46080K, used 20077K [0x00000000c1600000, 0x0000000100000000)
  region size 1024K, 2 young (2048K), 2 survivors (2048K)
 Metaspace       used 41594K, committed 42176K, reserved 1114112K
  class space    used 5139K, committed 5376K, reserved 1048576K
}
Event: 8.373 GC heap before
{Heap before GC invocations=12 (full 0):
 garbage-first heap   total 46080K, used 38509K [0x00000000c1600000, 0x0000000100000000)
  region size 1024K, 20 young (20480K), 2 survivors (2048K)
 Metaspace       used 46758K, committed 47360K, reserved 1114112K
  class space    used 5955K, committed 6272K, reserved 1048576K
}
Event: 8.378 GC heap after
{Heap after GC invocations=13 (full 0):
 garbage-first heap   total 55296K, used 20890K [0x00000000c1600000, 0x0000000100000000)
  region size 1024K, 3 young (3072K), 3 survivors (3072K)
 Metaspace       used 46758K, committed 47360K, reserved 1114112K
  class space    used 5955K, committed 6272K, reserved 1048576K
}
Event: 9.687 GC heap before
{Heap before GC invocations=13 (full 0):
 garbage-first heap   total 55296K, used 45466K [0x00000000c1600000, 0x0000000100000000)
  region size 1024K, 28 young (28672K), 3 survivors (3072K)
 Metaspace       used 54119K, committed 54784K, reserved 1114112K
  class space    used 6952K, committed 7232K, reserved 1048576K
}
Event: 9.694 GC heap after
{Heap after GC invocations=14 (full 0):
 garbage-first heap   total 55296K, used 22584K [0x00000000c1600000, 0x0000000100000000)
  region size 1024K, 4 young (4096K), 4 survivors (4096K)
 Metaspace       used 54119K, committed 54784K, reserved 1114112K
  class space    used 6952K, committed 7232K, reserved 1048576K
}
Event: 10.411 GC heap before
{Heap before GC invocations=14 (full 0):
 garbage-first heap   total 55296K, used 38968K [0x00000000c1600000, 0x0000000100000000)
  region size 1024K, 22 young (22528K), 4 survivors (4096K)
 Metaspace       used 59886K, committed 60480K, reserved 1114112K
  class space    used 7746K, committed 8000K, reserved 1048576K
}
Event: 10.422 GC heap after
{Heap after GC invocations=15 (full 0):
 garbage-first heap   total 55296K, used 23746K [0x00000000c1600000, 0x0000000100000000)
  region size 1024K, 3 young (3072K), 3 survivors (3072K)
 Metaspace       used 59886K, committed 60480K, reserved 1114112K
  class space    used 7746K, committed 8000K, reserved 1048576K
}
Event: 11.477 GC heap before
{Heap before GC invocations=16 (full 0):
 garbage-first heap   total 55296K, used 47298K [0x00000000c1600000, 0x0000000100000000)
  region size 1024K, 26 young (26624K), 3 survivors (3072K)
 Metaspace       used 65223K, committed 65920K, reserved 1114112K
  class space    used 8721K, committed 9024K, reserved 1048576K
}
Event: 11.484 GC heap after
{Heap after GC invocations=17 (full 0):
 garbage-first heap   total 55296K, used 24973K [0x00000000c1600000, 0x0000000100000000)
  region size 1024K, 3 young (3072K), 3 survivors (3072K)
 Metaspace       used 65223K, committed 65920K, reserved 1114112K
  class space    used 8721K, committed 9024K, reserved 1048576K
}
Event: 12.193 GC heap before
{Heap before GC invocations=17 (full 0):
 garbage-first heap   total 55296K, used 47501K [0x00000000c1600000, 0x0000000100000000)
  region size 1024K, 25 young (25600K), 3 survivors (3072K)
 Metaspace       used 69345K, committed 70016K, reserved 1114112K
  class space    used 9271K, committed 9600K, reserved 1048576K
}
Event: 12.203 GC heap after
{Heap after GC invocations=18 (full 0):
 garbage-first heap   total 55296K, used 27054K [0x00000000c1600000, 0x0000000100000000)
  region size 1024K, 4 young (4096K), 4 survivors (4096K)
 Metaspace       used 69345K, committed 70016K, reserved 1114112K
  class space    used 9271K, committed 9600K, reserved 1048576K
}
Event: 12.735 GC heap before
{Heap before GC invocations=18 (full 0):
 garbage-first heap   total 55296K, used 46510K [0x00000000c1600000, 0x0000000100000000)
  region size 1024K, 23 young (23552K), 4 survivors (4096K)
 Metaspace       used 71616K, committed 72320K, reserved 1114112K
  class space    used 9585K, committed 9920K, reserved 1048576K
}
Event: 12.745 GC heap after
{Heap after GC invocations=19 (full 0):
 garbage-first heap   total 55296K, used 29228K [0x00000000c1600000, 0x0000000100000000)
  region size 1024K, 3 young (3072K), 3 survivors (3072K)
 Metaspace       used 71616K, committed 72320K, reserved 1114112K
  class space    used 9585K, committed 9920K, reserved 1048576K
}
Event: 12.928 GC heap before
{Heap before GC invocations=19 (full 0):
 garbage-first heap   total 55296K, used 36396K [0x00000000c1600000, 0x0000000100000000)
  region size 1024K, 11 young (11264K), 3 survivors (3072K)
 Metaspace       used 72665K, committed 73472K, reserved 1114112K
  class space    used 9706K, committed 10048K, reserved 1048576K
}
Event: 12.935 GC heap after
{Heap after GC invocations=20 (full 0):
 garbage-first heap   total 55296K, used 30230K [0x00000000c1600000, 0x0000000100000000)
  region size 1024K, 2 young (2048K), 2 survivors (2048K)
 Metaspace       used 72665K, committed 73472K, reserved 1114112K
  class space    used 9706K, committed 10048K, reserved 1048576K
}
Event: 13.081 GC heap before
{Heap before GC invocations=20 (full 0):
 garbage-first heap   total 78848K, used 47638K [0x00000000c1600000, 0x0000000100000000)
  region size 1024K, 19 young (19456K), 2 survivors (2048K)
 Metaspace       used 72692K, committed 73472K, reserved 1114112K
  class space    used 9709K, committed 10048K, reserved 1048576K
}
Event: 13.088 GC heap after
{Heap after GC invocations=21 (full 0):
 garbage-first heap   total 78848K, used 34092K [0x00000000c1600000, 0x0000000100000000)
  region size 1024K, 3 young (3072K), 3 survivors (3072K)
 Metaspace       used 72692K, committed 73472K, reserved 1114112K
  class space    used 9709K, committed 10048K, reserved 1048576K
}
Event: 13.377 GC heap before
{Heap before GC invocations=22 (full 0):
 garbage-first heap   total 78848K, used 66860K [0x00000000c1600000, 0x0000000100000000)
  region size 1024K, 35 young (35840K), 3 survivors (3072K)
 Metaspace       used 72731K, committed 73472K, reserved 1114112K
  class space    used 9724K, committed 10048K, reserved 1048576K
}
Event: 13.393 GC heap after
{Heap after GC invocations=23 (full 0):
 garbage-first heap   total 79872K, used 44032K [0x00000000c1600000, 0x0000000100000000)
  region size 1024K, 5 young (5120K), 5 survivors (5120K)
 Metaspace       used 72731K, committed 73472K, reserved 1114112K
  class space    used 9724K, committed 10048K, reserved 1048576K
}
Event: 13.556 GC heap before
{Heap before GC invocations=23 (full 0):
 garbage-first heap   total 79872K, used 66560K [0x00000000c1600000, 0x0000000100000000)
  region size 1024K, 28 young (28672K), 5 survivors (5120K)
 Metaspace       used 72749K, committed 73600K, reserved 1114112K
  class space    used 9729K, committed 10112K, reserved 1048576K
}

