# JRE version: OpenJDK Runtime Environment Temurin-21.0.3+9 (21.0.3+9) (build 21.0.3+9-LTS)
# Java VM: OpenJDK 64-Bit Server VM Temurin-21.0.3+9 (21.0.3+9-LTS, mixed mode, emulated-client, tiered, compressed oops, compressed class ptrs, g1 gc, windows-amd64)
GC Precious Log:
 CardTable entry size: 512
 Card Set container configuration: InlinePtr #cards 5 size 8 Array Of Cards #cards 12 size 40 Howl #buckets 4 coarsen threshold 1843 Howl Bitmap #cards 512 size 80 coarsen threshold 460 Card regions per heap region 1 cards per card region 2048
 CPUs: 4 total, 4 available
 Memory: 4007M
 Large Page Support: Disabled
 NUMA Support: Disabled
 Compressed Oops: Enabled (32-bit)
 Heap Region Size: 1M
 Heap Min Capacity: 8M
 Heap Initial Capacity: 64M
 Heap Max Capacity: 1002M
 Pre-touch: Disabled
 Parallel Workers: 4
 Concurrent Workers: 1
 Concurrent Refinement Workers: 4
 Periodic GC: Disabled
Heap:
 garbage-first heap   total 46080K, used 30507K [0x00000000c1600000, 0x0000000100000000)
  region size 1024K, 14 young (14336K), 3 survivors (3072K)
 Metaspace       used 49704K, committed 50240K, reserved 1114112K
  class space    used 6384K, committed 6656K, reserved 1048576K
GC Heap History (20 events):
Event: 2.419 GC heap before
{Heap before GC invocations=1 (full 0):
 garbage-first heap   total 65536K, used 20288K [0x00000000c1600000, 0x0000000100000000)
  region size 1024K, 16 young (16384K), 2 survivors (2048K)
 Metaspace       used 18026K, committed 18304K, reserved 1114112K
  class space    used 1871K, committed 1984K, reserved 1048576K
}
Event: 2.430 GC heap after
{Heap after GC invocations=2 (full 0):
 garbage-first heap   total 65536K, used 8083K [0x00000000c1600000, 0x0000000100000000)
  region size 1024K, 2 young (2048K), 2 survivors (2048K)
 Metaspace       used 18026K, committed 18304K, reserved 1114112K
  class space    used 1871K, committed 1984K, reserved 1048576K
}
Event: 3.062 GC heap before
{Heap before GC invocations=2 (full 0):
 garbage-first heap   total 65536K, used 23443K [0x00000000c1600000, 0x0000000100000000)
  region size 1024K, 18 young (18432K), 2 survivors (2048K)
 Metaspace       used 21172K, committed 21504K, reserved 1114112K
  class space    used 2331K, committed 2496K, reserved 1048576K
}
Event: 3.069 GC heap after
{Heap after GC invocations=3 (full 0):
 garbage-first heap   total 65536K, used 9568K [0x00000000c1600000, 0x0000000100000000)
  region size 1024K, 4 young (4096K), 4 survivors (4096K)
 Metaspace       used 21172K, committed 21504K, reserved 1114112K
  class space    used 2331K, committed 2496K, reserved 1048576K
}
Event: 3.633 GC heap before
{Heap before GC invocations=4 (full 0):
 garbage-first heap   total 37888K, used 26976K [0x00000000c1600000, 0x0000000100000000)
  region size 1024K, 22 young (22528K), 4 survivors (4096K)
 Metaspace       used 25901K, committed 26304K, reserved 1114112K
  class space    used 2923K, committed 3136K, reserved 1048576K
}
Event: 3.642 GC heap after
{Heap after GC invocations=5 (full 0):
 garbage-first heap   total 37888K, used 10611K [0x00000000c1600000, 0x0000000100000000)
  region size 1024K, 3 young (3072K), 3 survivors (3072K)
 Metaspace       used 25901K, committed 26304K, reserved 1114112K
  class space    used 2923K, committed 3136K, reserved 1048576K
}
Event: 4.037 GC heap before
{Heap before GC invocations=5 (full 0):
 garbage-first heap   total 37888K, used 28019K [0x00000000c1600000, 0x0000000100000000)
  region size 1024K, 20 young (20480K), 3 survivors (3072K)
 Metaspace       used 29576K, committed 29888K, reserved 1114112K
  class space    used 3435K, committed 3584K, reserved 1048576K
}
Event: 4.046 GC heap after
{Heap after GC invocations=6 (full 0):
 garbage-first heap   total 37888K, used 12147K [0x00000000c1600000, 0x0000000100000000)
  region size 1024K, 3 young (3072K), 3 survivors (3072K)
 Metaspace       used 29576K, committed 29888K, reserved 1114112K
  class space    used 3435K, committed 3584K, reserved 1048576K
}
Event: 4.593 GC heap before
{Heap before GC invocations=6 (full 0):
 garbage-first heap   total 37888K, used 28531K [0x00000000c1600000, 0x0000000100000000)
  region size 1024K, 20 young (20480K), 3 survivors (3072K)
 Metaspace       used 31281K, committed 31680K, reserved 1114112K
  class space    used 3648K, committed 3840K, reserved 1048576K
}
Event: 4.601 GC heap after
{Heap after GC invocations=7 (full 0):
 garbage-first heap   total 46080K, used 14044K [0x00000000c1600000, 0x0000000100000000)
  region size 1024K, 2 young (2048K), 2 survivors (2048K)
 Metaspace       used 31281K, committed 31680K, reserved 1114112K
  class space    used 3648K, committed 3840K, reserved 1048576K
}
Event: 5.456 GC heap before
{Heap before GC invocations=7 (full 0):
 garbage-first heap   total 46080K, used 36572K [0x00000000c1600000, 0x0000000100000000)
  region size 1024K, 24 young (24576K), 2 survivors (2048K)
 Metaspace       used 33451K, committed 33792K, reserved 1114112K
  class space    used 3945K, committed 4096K, reserved 1048576K
}
Event: 5.463 GC heap after
{Heap after GC invocations=8 (full 0):
 garbage-first heap   total 46080K, used 15380K [0x00000000c1600000, 0x0000000100000000)
  region size 1024K, 2 young (2048K), 2 survivors (2048K)
 Metaspace       used 33451K, committed 33792K, reserved 1114112K
  class space    used 3945K, committed 4096K, reserved 1048576K
}
Event: 6.303 GC heap before
{Heap before GC invocations=8 (full 0):
 garbage-first heap   total 46080K, used 28692K [0x00000000c1600000, 0x0000000100000000)
  region size 1024K, 16 young (16384K), 2 survivors (2048K)
 Metaspace       used 35527K, committed 35968K, reserved 1114112K
  class space    used 4280K, committed 4480K, reserved 1048576K
}
Event: 6.308 GC heap after
{Heap after GC invocations=9 (full 0):
 garbage-first heap   total 46080K, used 16862K [0x00000000c1600000, 0x0000000100000000)
  region size 1024K, 3 young (3072K), 3 survivors (3072K)
 Metaspace       used 35527K, committed 35968K, reserved 1114112K
  class space    used 4280K, committed 4480K, reserved 1048576K
}
Event: 7.399 GC heap before
{Heap before GC invocations=10 (full 0):
 garbage-first heap   total 46080K, used 37342K [0x00000000c1600000, 0x0000000100000000)
  region size 1024K, 24 young (24576K), 3 survivors (3072K)
 Metaspace       used 38909K, committed 39488K, reserved 1114112K
  class space    used 4795K, committed 5056K, reserved 1048576K
}
Event: 7.408 GC heap after
{Heap after GC invocations=11 (full 0):
 garbage-first heap   total 46080K, used 18872K [0x00000000c1600000, 0x0000000100000000)
  region size 1024K, 3 young (3072K), 3 survivors (3072K)
 Metaspace       used 38909K, committed 39488K, reserved 1114112K
  class space    used 4795K, committed 5056K, reserved 1048576K
}
Event: 8.179 GC heap before
{Heap before GC invocations=11 (full 0):
 garbage-first heap   total 46080K, used 37304K [0x00000000c1600000, 0x0000000100000000)
  region size 1024K, 22 young (22528K), 3 survivors (3072K)
 Metaspace       used 41458K, committed 42048K, reserved 1114112K
  class space    used 5116K, committed 5376K, reserved 1048576K
}
Event: 8.188 GC heap after
{Heap after GC invocations=12 (full 0):
 garbage-first heap   total 46080K, used 20595K [0x00000000c1600000, 0x0000000100000000)
  region size 1024K, 2 young (2048K), 2 survivors (2048K)
 Metaspace       used 41458K, committed 42048K, reserved 1114112K
  class space    used 5116K, committed 5376K, reserved 1048576K
}
Event: 9.136 GC heap before
{Heap before GC invocations=12 (full 0):
 garbage-first heap   total 46080K, used 38003K [0x00000000c1600000, 0x0000000100000000)
  region size 1024K, 20 young (20480K), 2 survivors (2048K)
 Metaspace       used 46664K, committed 47232K, reserved 1114112K
  class space    used 5949K, committed 6208K, reserved 1048576K
}
Event: 9.140 GC heap after
{Heap after GC invocations=13 (full 0):
 garbage-first heap   total 46080K, used 21291K [0x00000000c1600000, 0x0000000100000000)
  region size 1024K, 3 young (3072K), 3 survivors (3072K)
 Metaspace       used 46664K, committed 47232K, reserved 1114112K
  class space    used 5949K, committed 6208K, reserved 1048576K
}

