# JRE version: OpenJDK Runtime Environment Temurin-21.0.3+9 (21.0.3+9) (build 21.0.3+9-LTS)
# Java VM: OpenJDK 64-Bit Server VM Temurin-21.0.3+9 (21.0.3+9-LTS, mixed mode, emulated-client, tiered, compressed oops, compressed class ptrs, g1 gc, windows-amd64)
GC Precious Log:
 CardTable entry size: 512
 Card Set container configuration: InlinePtr #cards 5 size 8 Array Of Cards #cards 12 size 40 Howl #buckets 4 coarsen threshold 1843 Howl Bitmap #cards 512 size 80 coarsen threshold 460 Card regions per heap region 1 cards per card region 2048
 CPUs: 4 total, 4 available
 Memory: 4007M
 Large Page Support: Disabled
 NUMA Support: Disabled
 Compressed Oops: Enabled (32-bit)
 Heap Region Size: 1M
 Heap Min Capacity: 8M
 Heap Initial Capacity: 64M
 Heap Max Capacity: 1002M
 Pre-touch: Disabled
 Parallel Workers: 4
 Concurrent Workers: 1
 Concurrent Refinement Workers: 4
 Periodic GC: Disabled
Heap:
 garbage-first heap   total 86016K, used 54272K [0x00000000c1600000, 0x0000000100000000)
  region size 1024K, 4 young (4096K), 4 survivors (4096K)
 Metaspace       used 72664K, committed 73472K, reserved 1114112K
  class space    used 9735K, committed 10112K, reserved 1048576K
GC Heap History (20 events):
Event: 8.296 GC heap after
{Heap after GC invocations=13 (full 0):
 garbage-first heap   total 52224K, used 23202K [0x00000000c1600000, 0x0000000100000000)
  region size 1024K, 3 young (3072K), 3 survivors (3072K)
 Metaspace       used 57069K, committed 57728K, reserved 1114112K
  class space    used 7324K, committed 7616K, reserved 1048576K
}
Event: 8.579 GC heap before
{Heap before GC invocations=13 (full 0):
 garbage-first heap   total 52224K, used 28322K [0x00000000c1600000, 0x0000000100000000)
  region size 1024K, 10 young (10240K), 3 survivors (3072K)
 Metaspace       used 59886K, committed 60480K, reserved 1114112K
  class space    used 7745K, committed 8000K, reserved 1048576K
}
Event: 8.586 GC heap after
{Heap after GC invocations=14 (full 0):
 garbage-first heap   total 52224K, used 23662K [0x00000000c1600000, 0x0000000100000000)
  region size 1024K, 2 young (2048K), 2 survivors (2048K)
 Metaspace       used 59886K, committed 60480K, reserved 1114112K
  class space    used 7745K, committed 8000K, reserved 1048576K
}
Event: 9.510 GC heap before
{Heap before GC invocations=15 (full 0):
 garbage-first heap   total 52224K, used 45166K [0x00000000c1600000, 0x0000000100000000)
  region size 1024K, 23 young (23552K), 2 survivors (2048K)
 Metaspace       used 64807K, committed 65472K, reserved 1114112K
  class space    used 8672K, committed 8960K, reserved 1048576K
}
Event: 9.516 GC heap after
{Heap after GC invocations=16 (full 0):
 garbage-first heap   total 52224K, used 24614K [0x00000000c1600000, 0x0000000100000000)
  region size 1024K, 2 young (2048K), 2 survivors (2048K)
 Metaspace       used 64807K, committed 65472K, reserved 1114112K
  class space    used 8672K, committed 8960K, reserved 1048576K
}
Event: 10.238 GC heap before
{Heap before GC invocations=16 (full 0):
 garbage-first heap   total 52224K, used 44070K [0x00000000c1600000, 0x0000000100000000)
  region size 1024K, 22 young (22528K), 2 survivors (2048K)
 Metaspace       used 69090K, committed 69824K, reserved 1114112K
  class space    used 9239K, committed 9600K, reserved 1048576K
}
Event: 10.248 GC heap after
{Heap after GC invocations=17 (full 0):
 garbage-first heap   total 52224K, used 26261K [0x00000000c1600000, 0x0000000100000000)
  region size 1024K, 3 young (3072K), 3 survivors (3072K)
 Metaspace       used 69090K, committed 69824K, reserved 1114112K
  class space    used 9239K, committed 9600K, reserved 1048576K
}
Event: 10.727 GC heap before
{Heap before GC invocations=17 (full 0):
 garbage-first heap   total 52224K, used 44693K [0x00000000c1600000, 0x0000000100000000)
  region size 1024K, 21 young (21504K), 3 survivors (3072K)
 Metaspace       used 71078K, committed 71872K, reserved 1114112K
  class space    used 9514K, committed 9856K, reserved 1048576K
}
Event: 10.739 GC heap after
{Heap after GC invocations=18 (full 0):
 garbage-first heap   total 63488K, used 28448K [0x00000000c1600000, 0x0000000100000000)
  region size 1024K, 2 young (2048K), 2 survivors (2048K)
 Metaspace       used 71078K, committed 71872K, reserved 1114112K
  class space    used 9514K, committed 9856K, reserved 1048576K
}
Event: 11.373 GC heap before
{Heap before GC invocations=19 (full 0):
 garbage-first heap   total 63488K, used 56096K [0x00000000c1600000, 0x0000000100000000)
  region size 1024K, 29 young (29696K), 2 survivors (2048K)
 Metaspace       used 72547K, committed 73344K, reserved 1114112K
  class space    used 9715K, committed 10048K, reserved 1048576K
}
Event: 11.383 GC heap after
{Heap after GC invocations=20 (full 0):
 garbage-first heap   total 63488K, used 33774K [0x00000000c1600000, 0x0000000100000000)
  region size 1024K, 4 young (4096K), 4 survivors (4096K)
 Metaspace       used 72547K, committed 73344K, reserved 1114112K
  class space    used 9715K, committed 10048K, reserved 1048576K
}
Event: 11.580 GC heap before
{Heap before GC invocations=20 (full 0):
 garbage-first heap   total 63488K, used 54254K [0x00000000c1600000, 0x0000000100000000)
  region size 1024K, 25 young (25600K), 4 survivors (4096K)
 Metaspace       used 72647K, committed 73472K, reserved 1114112K
  class space    used 9731K, committed 10112K, reserved 1048576K
}
Event: 11.598 GC heap after
{Heap after GC invocations=21 (full 0):
 garbage-first heap   total 67584K, used 40147K [0x00000000c1600000, 0x0000000100000000)
  region size 1024K, 4 young (4096K), 4 survivors (4096K)
 Metaspace       used 72647K, committed 73472K, reserved 1114112K
  class space    used 9731K, committed 10112K, reserved 1048576K
}
Event: 11.646 GC heap before
{Heap before GC invocations=21 (full 0):
 garbage-first heap   total 67584K, used 42195K [0x00000000c1600000, 0x0000000100000000)
  region size 1024K, 7 young (7168K), 4 survivors (4096K)
 Metaspace       used 72647K, committed 73472K, reserved 1114112K
  class space    used 9731K, committed 10112K, reserved 1048576K
}
Event: 11.653 GC heap after
{Heap after GC invocations=22 (full 0):
 garbage-first heap   total 67584K, used 41751K [0x00000000c1600000, 0x0000000100000000)
  region size 1024K, 1 young (1024K), 1 survivors (1024K)
 Metaspace       used 72647K, committed 73472K, reserved 1114112K
  class space    used 9731K, committed 10112K, reserved 1048576K
}
Event: 11.765 GC heap before
{Heap before GC invocations=22 (full 0):
 garbage-first heap   total 67584K, used 59159K [0x00000000c1600000, 0x0000000100000000)
  region size 1024K, 18 young (18432K), 1 survivors (1024K)
 Metaspace       used 72647K, committed 73472K, reserved 1114112K
  class space    used 9731K, committed 10112K, reserved 1048576K
}
Event: 11.769 GC heap after
{Heap after GC invocations=23 (full 0):
 garbage-first heap   total 67584K, used 45494K [0x00000000c1600000, 0x0000000100000000)
  region size 1024K, 3 young (3072K), 3 survivors (3072K)
 Metaspace       used 72647K, committed 73472K, reserved 1114112K
  class space    used 9731K, committed 10112K, reserved 1048576K
}
Event: 11.861 GC heap before
{Heap before GC invocations=24 (full 0):
 garbage-first heap   total 86016K, used 56758K [0x00000000c1600000, 0x0000000100000000)
  region size 1024K, 16 young (16384K), 3 survivors (3072K)
 Metaspace       used 72647K, committed 73472K, reserved 1114112K
  class space    used 9731K, committed 10112K, reserved 1048576K
}
Event: 11.870 GC heap after
{Heap after GC invocations=25 (full 0):
 garbage-first heap   total 86016K, used 48748K [0x00000000c1600000, 0x0000000100000000)
  region size 1024K, 2 young (2048K), 2 survivors (2048K)
 Metaspace       used 72647K, committed 73472K, reserved 1114112K
  class space    used 9731K, committed 10112K, reserved 1048576K
}
Event: 12.054 GC heap before
{Heap before GC invocations=25 (full 0):
 garbage-first heap   total 86016K, used 73324K [0x00000000c1600000, 0x0000000100000000)
  region size 1024K, 25 young (25600K), 2 survivors (2048K)
 Metaspace       used 72664K, committed 73472K, reserved 1114112K
  class space    used 9735K, committed 10112K, reserved 1048576K
}

